2026-02-26 11:04:03,059 - INFO - ==================================================
2026-02-26 11:04:03,061 - INFO - AI Employee Orchestrator Started
2026-02-26 11:04:03,063 - INFO - Monitoring: C:\Users\tanze\OneDrive\Desktop\hackathon-0\AI_Employee_Folder\Needs_Action
2026-02-26 11:04:03,064 - INFO - Dashboard: C:\Users\tanze\OneDrive\Desktop\hackathon-0\AI_Employee_Folder\Dashboard.md
2026-02-26 11:04:03,064 - INFO - Poll interval: 30 seconds
2026-02-26 11:04:03,064 - INFO - ==================================================
2026-02-26 11:04:03,064 - INFO - Press Ctrl+C to stop...
2026-02-26 11:04:03,066 - INFO - Found 2 pending file(s)
2026-02-26 11:04:03,066 - INFO - Processing: content.md
2026-02-26 11:04:03,066 - INFO - [AI Prompt] Process this file: C:\Users\tanze\OneDrive\Desktop\hackathon-0\AI_Employee_Folder\Needs_Action\content.md. Update Dashboard.md with summary, then move to /Done.
2026-02-26 11:04:03,085 - INFO - Dashboard updated: - [2026-02-26 11:04] Processed: content.md - File processed (Bronze tier)
2026-02-26 11:04:03,099 - INFO - Moved to Done: content.md
2026-02-26 11:04:03,103 - INFO - Successfully processed: content.md
2026-02-26 11:04:03,103 - INFO - Processing: content_1.md.md
2026-02-26 11:04:03,104 - INFO - [AI Prompt] Process this file: C:\Users\tanze\OneDrive\Desktop\hackathon-0\AI_Employee_Folder\Needs_Action\content_1.md.md. Update Dashboard.md with summary, then move to /Done.
2026-02-26 11:04:03,125 - INFO - Dashboard updated: - [2026-02-26 11:04] Processed: content_1.md.md - File processed (Bronze tier)
2026-02-26 11:04:03,138 - INFO - Moved to Done: content_1.md.md
2026-02-26 11:04:03,153 - INFO - Successfully processed: content_1.md.md
2026-02-26 11:04:33,156 - INFO - Found 2 pending file(s)
2026-02-26 11:04:33,157 - INFO - Processing: plan.md
2026-02-26 11:04:33,180 - INFO - [AI Prompt] Process this file: C:\Users\tanze\OneDrive\Desktop\hackathon-0\AI_Employee_Folder\Needs_Action\plan.md. Update Dashboard.md with summary, then move to /Done.
2026-02-26 11:04:33,234 - INFO - Dashboard updated: - [2026-02-26 11:04] Processed: plan.md - File processed (Bronze tier)
2026-02-26 11:04:33,260 - INFO - Moved to Done: plan.md
2026-02-26 11:04:33,290 - INFO - Successfully processed: plan.md
2026-02-26 11:04:33,303 - INFO - Processing: plan_1.md.md
2026-02-26 11:04:33,341 - INFO - [AI Prompt] Process this file: C:\Users\tanze\OneDrive\Desktop\hackathon-0\AI_Employee_Folder\Needs_Action\plan_1.md.md. Update Dashboard.md with summary, then move to /Done.
2026-02-26 11:04:33,502 - INFO - Dashboard updated: - [2026-02-26 11:04] Processed: plan_1.md.md - File processed (Bronze tier)
2026-02-26 11:04:33,709 - INFO - Moved to Done: plan_1.md.md
2026-02-26 11:04:33,717 - INFO - Successfully processed: plan_1.md.md
2026-02-26 11:05:53,268 - INFO - Shutdown signal received...
2026-02-26 11:05:53,269 - INFO - Orchestrator stopped.
